{"__type":"$$EventMessageAudit","id":"3ef1766e-a9ea-4aad-9f00-3d7bcdc694b2","ts":"2025-12-03T19:37:29.064+05:30","eventName":"n8n.audit.workflow.created","message":"n8n.audit.workflow.created","payload":{"userId":"4d5480ed-c9f8-4dfa-92b4-a58120146de3","_email":"bhoopesh123@gmail.com","_firstName":"Bhoopesh","_lastName":"Sharma","globalRole":"global:owner","workflowId":"QHdK0Gz8ZQp7lhff","workflowName":"My workflow"}}
{"__type":"$$EventMessageConfirm","confirm":"3ef1766e-a9ea-4aad-9f00-3d7bcdc694b2","ts":"2025-12-03T19:37:29.064+05:30","source":{"id":"0","name":"eventBus"}}
{"__type":"$$EventMessageWorkflow","id":"69336511-940e-45ac-a6de-a8456913c779","ts":"2025-12-03T19:37:29.466+05:30","eventName":"n8n.workflow.started","message":"n8n.workflow.started","payload":{"executionId":"1","workflowId":"QHdK0Gz8ZQp7lhff","isManual":false,"workflowName":"My workflow"}}
{"__type":"$$EventMessageConfirm","confirm":"69336511-940e-45ac-a6de-a8456913c779","ts":"2025-12-03T19:37:29.466+05:30","source":{"id":"0","name":"eventBus"}}
{"__type":"$$EventMessageNode","id":"a29fe243-3e22-4ed1-8b53-fac54a2acfda","ts":"2025-12-03T19:37:29.471+05:30","eventName":"n8n.node.started","message":"n8n.node.started","payload":{"workflowId":"QHdK0Gz8ZQp7lhff","workflowName":"My workflow","executionId":"1","nodeType":"n8n-nodes-base.httpRequest","nodeName":"Fetch Metric","nodeId":"fcb22982-9333-4c2b-a278-88501d57d5e9"}}
{"__type":"$$EventMessageConfirm","confirm":"a29fe243-3e22-4ed1-8b53-fac54a2acfda","ts":"2025-12-03T19:37:29.471+05:30","source":{"id":"0","name":"eventBus"}}
{"__type":"$$EventMessageNode","id":"f1e9c595-2e2b-41db-8710-d1ffddcd462f","ts":"2025-12-03T19:37:29.490+05:30","eventName":"n8n.node.finished","message":"n8n.node.finished","payload":{"workflowId":"QHdK0Gz8ZQp7lhff","workflowName":"My workflow","executionId":"1","nodeType":"n8n-nodes-base.httpRequest","nodeName":"Fetch Metric","nodeId":"fcb22982-9333-4c2b-a278-88501d57d5e9"}}
{"__type":"$$EventMessageConfirm","confirm":"f1e9c595-2e2b-41db-8710-d1ffddcd462f","ts":"2025-12-03T19:37:29.490+05:30","source":{"id":"0","name":"eventBus"}}
{"__type":"$$EventMessageWorkflow","id":"15605d9f-688e-4d5e-a2c0-9c0ea1632ae0","ts":"2025-12-03T19:37:29.496+05:30","eventName":"n8n.workflow.success","message":"n8n.workflow.success","payload":{"userId":"4d5480ed-c9f8-4dfa-92b4-a58120146de3","executionId":"1","success":true,"isManual":true,"workflowId":"QHdK0Gz8ZQp7lhff","workflowName":"My workflow"}}
{"__type":"$$EventMessageConfirm","confirm":"15605d9f-688e-4d5e-a2c0-9c0ea1632ae0","ts":"2025-12-03T19:37:29.497+05:30","source":{"id":"0","name":"eventBus"}}
{"__type":"$$EventMessageWorkflow","id":"5465488e-fc7d-421f-b377-2b1f76c671b7","ts":"2025-12-03T19:37:39.475+05:30","eventName":"n8n.workflow.started","message":"n8n.workflow.started","payload":{"executionId":"2","workflowId":"QHdK0Gz8ZQp7lhff","isManual":false,"workflowName":"My workflow"}}
{"__type":"$$EventMessageConfirm","confirm":"5465488e-fc7d-421f-b377-2b1f76c671b7","ts":"2025-12-03T19:37:39.475+05:30","source":{"id":"0","name":"eventBus"}}
{"__type":"$$EventMessageNode","id":"cbf1e9f2-98fe-4419-8d09-dc96e2b5c083","ts":"2025-12-03T19:37:39.480+05:30","eventName":"n8n.node.started","message":"n8n.node.started","payload":{"workflowId":"QHdK0Gz8ZQp7lhff","workflowName":"My workflow","executionId":"2","nodeType":"n8n-nodes-base.function","nodeName":"Check Metric","nodeId":"73d4bbb8-06d2-4a8e-877d-2ad6a7b1a996"}}
{"__type":"$$EventMessageConfirm","confirm":"cbf1e9f2-98fe-4419-8d09-dc96e2b5c083","ts":"2025-12-03T19:37:39.481+05:30","source":{"id":"0","name":"eventBus"}}
{"__type":"$$EventMessageNode","id":"c35dd68f-1e5e-4529-9722-9ef1af1d671a","ts":"2025-12-03T19:37:39.512+05:30","eventName":"n8n.node.finished","message":"n8n.node.finished","payload":{"workflowId":"QHdK0Gz8ZQp7lhff","workflowName":"My workflow","executionId":"2","nodeType":"n8n-nodes-base.function","nodeName":"Check Metric","nodeId":"73d4bbb8-06d2-4a8e-877d-2ad6a7b1a996"}}
{"__type":"$$EventMessageConfirm","confirm":"c35dd68f-1e5e-4529-9722-9ef1af1d671a","ts":"2025-12-03T19:37:39.512+05:30","source":{"id":"0","name":"eventBus"}}
{"__type":"$$EventMessageWorkflow","id":"2240bf1b-8ed6-4ab9-8baa-e8d6e5a0415e","ts":"2025-12-03T19:37:39.519+05:30","eventName":"n8n.workflow.success","message":"n8n.workflow.success","payload":{"userId":"4d5480ed-c9f8-4dfa-92b4-a58120146de3","executionId":"2","success":true,"isManual":true,"workflowId":"QHdK0Gz8ZQp7lhff","workflowName":"My workflow"}}
{"__type":"$$EventMessageConfirm","confirm":"2240bf1b-8ed6-4ab9-8baa-e8d6e5a0415e","ts":"2025-12-03T19:37:39.519+05:30","source":{"id":"0","name":"eventBus"}}
{"__type":"$$EventMessageWorkflow","id":"573d895e-5ec5-411a-a06c-1f15c55f55b7","ts":"2025-12-03T19:37:42.635+05:30","eventName":"n8n.workflow.started","message":"n8n.workflow.started","payload":{"executionId":"3","workflowId":"QHdK0Gz8ZQp7lhff","isManual":false,"workflowName":"My workflow"}}
{"__type":"$$EventMessageConfirm","confirm":"573d895e-5ec5-411a-a06c-1f15c55f55b7","ts":"2025-12-03T19:37:42.635+05:30","source":{"id":"0","name":"eventBus"}}
{"__type":"$$EventMessageNode","id":"b459d115-60b2-4144-933d-842b2074ca7d","ts":"2025-12-03T19:37:42.636+05:30","eventName":"n8n.node.started","message":"n8n.node.started","payload":{"workflowId":"QHdK0Gz8ZQp7lhff","workflowName":"My workflow","executionId":"3","nodeType":"n8n-nodes-base.if","nodeName":"Alert?","nodeId":"07ea8f86-38ce-44e4-9a58-f44ba44b0476"}}
{"__type":"$$EventMessageConfirm","confirm":"b459d115-60b2-4144-933d-842b2074ca7d","ts":"2025-12-03T19:37:42.636+05:30","source":{"id":"0","name":"eventBus"}}
{"__type":"$$EventMessageNode","id":"a4a1e4f6-0dde-48bc-adae-91a79417fead","ts":"2025-12-03T19:37:42.693+05:30","eventName":"n8n.node.finished","message":"n8n.node.finished","payload":{"workflowId":"QHdK0Gz8ZQp7lhff","workflowName":"My workflow","executionId":"3","nodeType":"n8n-nodes-base.if","nodeName":"Alert?","nodeId":"07ea8f86-38ce-44e4-9a58-f44ba44b0476"}}
{"__type":"$$EventMessageConfirm","confirm":"a4a1e4f6-0dde-48bc-adae-91a79417fead","ts":"2025-12-03T19:37:42.694+05:30","source":{"id":"0","name":"eventBus"}}
{"__type":"$$EventMessageWorkflow","id":"2a32a7bc-8a3a-4a0e-b4c0-66d6852e2686","ts":"2025-12-03T19:37:42.695+05:30","eventName":"n8n.workflow.success","message":"n8n.workflow.success","payload":{"userId":"4d5480ed-c9f8-4dfa-92b4-a58120146de3","executionId":"3","success":true,"isManual":true,"workflowId":"QHdK0Gz8ZQp7lhff","workflowName":"My workflow"}}
{"__type":"$$EventMessageConfirm","confirm":"2a32a7bc-8a3a-4a0e-b4c0-66d6852e2686","ts":"2025-12-03T19:37:42.695+05:30","source":{"id":"0","name":"eventBus"}}
{"__type":"$$EventMessageAudit","id":"f8190af7-2114-4c77-b1e8-cb6e69fc258b","ts":"2025-12-03T19:43:47.591+05:30","eventName":"n8n.audit.workflow.updated","message":"n8n.audit.workflow.updated","payload":{"userId":"4d5480ed-c9f8-4dfa-92b4-a58120146de3","_email":"bhoopesh123@gmail.com","_firstName":"Bhoopesh","_lastName":"Sharma","globalRole":"global:owner","workflowId":"QHdK0Gz8ZQp7lhff","workflowName":"List_Prometheus_Metric"}}
{"__type":"$$EventMessageConfirm","confirm":"f8190af7-2114-4c77-b1e8-cb6e69fc258b","ts":"2025-12-03T19:43:47.591+05:30","source":{"id":"0","name":"eventBus"}}
{"__type":"$$EventMessageWorkflow","id":"80b1774e-8841-4559-831d-1767e7926db7","ts":"2025-12-03T19:49:17.975+05:30","eventName":"n8n.workflow.started","message":"n8n.workflow.started","payload":{"executionId":"4","workflowId":"QHdK0Gz8ZQp7lhff","isManual":false,"workflowName":"List_Prometheus_Metric"}}
{"__type":"$$EventMessageConfirm","confirm":"80b1774e-8841-4559-831d-1767e7926db7","ts":"2025-12-03T19:49:17.975+05:30","source":{"id":"0","name":"eventBus"}}
{"__type":"$$EventMessageNode","id":"750d9898-5c30-4fed-a88b-492692ff33b9","ts":"2025-12-03T19:49:17.976+05:30","eventName":"n8n.node.started","message":"n8n.node.started","payload":{"workflowId":"QHdK0Gz8ZQp7lhff","workflowName":"List_Prometheus_Metric","executionId":"4","nodeType":"n8n-nodes-base.webhook","nodeName":"Webhook","nodeId":"e402281a-9653-4fc6-b776-a3a8a26ca6ef"}}
{"__type":"$$EventMessageConfirm","confirm":"750d9898-5c30-4fed-a88b-492692ff33b9","ts":"2025-12-03T19:49:17.977+05:30","source":{"id":"0","name":"eventBus"}}
{"__type":"$$EventMessageNode","id":"cb3850e9-0c1f-4796-b3e1-04dc201fa3a7","ts":"2025-12-03T19:49:17.977+05:30","eventName":"n8n.node.finished","message":"n8n.node.finished","payload":{"workflowId":"QHdK0Gz8ZQp7lhff","workflowName":"List_Prometheus_Metric","executionId":"4","nodeType":"n8n-nodes-base.webhook","nodeName":"Webhook","nodeId":"e402281a-9653-4fc6-b776-a3a8a26ca6ef"}}
{"__type":"$$EventMessageConfirm","confirm":"cb3850e9-0c1f-4796-b3e1-04dc201fa3a7","ts":"2025-12-03T19:49:17.977+05:30","source":{"id":"0","name":"eventBus"}}
{"__type":"$$EventMessageWorkflow","id":"79b544d7-8697-49d0-b173-95be3e53b7f8","ts":"2025-12-03T19:49:17.981+05:30","eventName":"n8n.workflow.success","message":"n8n.workflow.success","payload":{"executionId":"4","success":true,"isManual":true,"workflowId":"QHdK0Gz8ZQp7lhff","workflowName":"List_Prometheus_Metric"}}
{"__type":"$$EventMessageConfirm","confirm":"79b544d7-8697-49d0-b173-95be3e53b7f8","ts":"2025-12-03T19:49:17.981+05:30","source":{"id":"0","name":"eventBus"}}
{"__type":"$$EventMessageWorkflow","id":"9a6f9325-e708-4ba3-aff9-f7003a9b3324","ts":"2025-12-03T19:49:33.628+05:30","eventName":"n8n.workflow.started","message":"n8n.workflow.started","payload":{"executionId":"5","workflowId":"QHdK0Gz8ZQp7lhff","isManual":false,"workflowName":"List_Prometheus_Metric"}}
{"__type":"$$EventMessageConfirm","confirm":"9a6f9325-e708-4ba3-aff9-f7003a9b3324","ts":"2025-12-03T19:49:33.628+05:30","source":{"id":"0","name":"eventBus"}}
{"__type":"$$EventMessageNode","id":"8df10613-34f7-4d3b-9207-3f650793f053","ts":"2025-12-03T19:49:33.629+05:30","eventName":"n8n.node.started","message":"n8n.node.started","payload":{"workflowId":"QHdK0Gz8ZQp7lhff","workflowName":"List_Prometheus_Metric","executionId":"5","nodeType":"n8n-nodes-base.webhook","nodeName":"Webhook","nodeId":"e402281a-9653-4fc6-b776-a3a8a26ca6ef"}}
{"__type":"$$EventMessageConfirm","confirm":"8df10613-34f7-4d3b-9207-3f650793f053","ts":"2025-12-03T19:49:33.629+05:30","source":{"id":"0","name":"eventBus"}}
{"__type":"$$EventMessageNode","id":"25de0fc4-7f05-4197-8f3f-020e965d3c52","ts":"2025-12-03T19:49:33.630+05:30","eventName":"n8n.node.finished","message":"n8n.node.finished","payload":{"workflowId":"QHdK0Gz8ZQp7lhff","workflowName":"List_Prometheus_Metric","executionId":"5","nodeType":"n8n-nodes-base.webhook","nodeName":"Webhook","nodeId":"e402281a-9653-4fc6-b776-a3a8a26ca6ef"}}
{"__type":"$$EventMessageConfirm","confirm":"25de0fc4-7f05-4197-8f3f-020e965d3c52","ts":"2025-12-03T19:49:33.630+05:30","source":{"id":"0","name":"eventBus"}}
{"__type":"$$EventMessageWorkflow","id":"803ba0eb-cb72-46bf-89d9-26f3d4c83778","ts":"2025-12-03T19:49:33.633+05:30","eventName":"n8n.workflow.success","message":"n8n.workflow.success","payload":{"executionId":"5","success":true,"isManual":true,"workflowId":"QHdK0Gz8ZQp7lhff","workflowName":"List_Prometheus_Metric"}}
{"__type":"$$EventMessageConfirm","confirm":"803ba0eb-cb72-46bf-89d9-26f3d4c83778","ts":"2025-12-03T19:49:33.633+05:30","source":{"id":"0","name":"eventBus"}}
{"__type":"$$EventMessageAudit","id":"2f6b4c8a-50bc-4ac8-a5d0-7cad05a99fb3","ts":"2025-12-03T19:50:19.489+05:30","eventName":"n8n.audit.workflow.updated","message":"n8n.audit.workflow.updated","payload":{"userId":"4d5480ed-c9f8-4dfa-92b4-a58120146de3","_email":"bhoopesh123@gmail.com","_firstName":"Bhoopesh","_lastName":"Sharma","globalRole":"global:owner","workflowId":"QHdK0Gz8ZQp7lhff","workflowName":"List_Prometheus_Metric"}}
{"__type":"$$EventMessageConfirm","confirm":"2f6b4c8a-50bc-4ac8-a5d0-7cad05a99fb3","ts":"2025-12-03T19:50:19.489+05:30","source":{"id":"0","name":"eventBus"}}
{"__type":"$$EventMessageWorkflow","id":"0397d228-f2d4-4ffc-b1bb-4fff70c6b7b5","ts":"2025-12-03T19:50:35.220+05:30","eventName":"n8n.workflow.started","message":"n8n.workflow.started","payload":{"executionId":"6","workflowId":"QHdK0Gz8ZQp7lhff","isManual":false,"workflowName":"List_Prometheus_Metric"}}
{"__type":"$$EventMessageConfirm","confirm":"0397d228-f2d4-4ffc-b1bb-4fff70c6b7b5","ts":"2025-12-03T19:50:35.220+05:30","source":{"id":"0","name":"eventBus"}}
{"__type":"$$EventMessageNode","id":"7e52f42d-be66-4389-bd9c-9f7899345093","ts":"2025-12-03T19:50:35.221+05:30","eventName":"n8n.node.started","message":"n8n.node.started","payload":{"workflowId":"QHdK0Gz8ZQp7lhff","workflowName":"List_Prometheus_Metric","executionId":"6","nodeType":"n8n-nodes-base.webhook","nodeName":"Webhook","nodeId":"e402281a-9653-4fc6-b776-a3a8a26ca6ef"}}
{"__type":"$$EventMessageConfirm","confirm":"7e52f42d-be66-4389-bd9c-9f7899345093","ts":"2025-12-03T19:50:35.221+05:30","source":{"id":"0","name":"eventBus"}}
{"__type":"$$EventMessageNode","id":"0f854a99-8aa0-495e-bdab-cc68fed604d7","ts":"2025-12-03T19:50:35.222+05:30","eventName":"n8n.node.finished","message":"n8n.node.finished","payload":{"workflowId":"QHdK0Gz8ZQp7lhff","workflowName":"List_Prometheus_Metric","executionId":"6","nodeType":"n8n-nodes-base.webhook","nodeName":"Webhook","nodeId":"e402281a-9653-4fc6-b776-a3a8a26ca6ef"}}
{"__type":"$$EventMessageConfirm","confirm":"0f854a99-8aa0-495e-bdab-cc68fed604d7","ts":"2025-12-03T19:50:35.222+05:30","source":{"id":"0","name":"eventBus"}}
{"__type":"$$EventMessageNode","id":"d770f594-9dac-4a94-bfe3-30dfacc9add3","ts":"2025-12-03T19:50:35.223+05:30","eventName":"n8n.node.started","message":"n8n.node.started","payload":{"workflowId":"QHdK0Gz8ZQp7lhff","workflowName":"List_Prometheus_Metric","executionId":"6","nodeType":"n8n-nodes-base.httpRequest","nodeName":"Fetch Metric","nodeId":"fcb22982-9333-4c2b-a278-88501d57d5e9"}}
{"__type":"$$EventMessageConfirm","confirm":"d770f594-9dac-4a94-bfe3-30dfacc9add3","ts":"2025-12-03T19:50:35.223+05:30","source":{"id":"0","name":"eventBus"}}
{"__type":"$$EventMessageNode","id":"e1ef4000-1fdb-45c7-9fc3-dea93c2db85e","ts":"2025-12-03T19:50:35.234+05:30","eventName":"n8n.node.finished","message":"n8n.node.finished","payload":{"workflowId":"QHdK0Gz8ZQp7lhff","workflowName":"List_Prometheus_Metric","executionId":"6","nodeType":"n8n-nodes-base.httpRequest","nodeName":"Fetch Metric","nodeId":"fcb22982-9333-4c2b-a278-88501d57d5e9"}}
{"__type":"$$EventMessageConfirm","confirm":"e1ef4000-1fdb-45c7-9fc3-dea93c2db85e","ts":"2025-12-03T19:50:35.234+05:30","source":{"id":"0","name":"eventBus"}}
{"__type":"$$EventMessageWorkflow","id":"f91f3e4f-9dd1-4002-9439-c9cfe1838e94","ts":"2025-12-03T19:50:35.235+05:30","eventName":"n8n.workflow.success","message":"n8n.workflow.success","payload":{"executionId":"6","success":true,"isManual":false,"workflowId":"QHdK0Gz8ZQp7lhff","workflowName":"List_Prometheus_Metric"}}
{"__type":"$$EventMessageConfirm","confirm":"f91f3e4f-9dd1-4002-9439-c9cfe1838e94","ts":"2025-12-03T19:50:35.235+05:30","source":{"id":"0","name":"eventBus"}}
{"__type":"$$EventMessageWorkflow","id":"f908d88b-3276-411a-8bac-b4514632daf4","ts":"2025-12-03T19:51:04.779+05:30","eventName":"n8n.workflow.started","message":"n8n.workflow.started","payload":{"executionId":"7","workflowId":"QHdK0Gz8ZQp7lhff","isManual":false,"workflowName":"List_Prometheus_Metric"}}
{"__type":"$$EventMessageConfirm","confirm":"f908d88b-3276-411a-8bac-b4514632daf4","ts":"2025-12-03T19:51:04.779+05:30","source":{"id":"0","name":"eventBus"}}
{"__type":"$$EventMessageNode","id":"efc6a5ec-94f2-48c3-8054-f7f4388e55ae","ts":"2025-12-03T19:51:04.780+05:30","eventName":"n8n.node.started","message":"n8n.node.started","payload":{"workflowId":"QHdK0Gz8ZQp7lhff","workflowName":"List_Prometheus_Metric","executionId":"7","nodeType":"n8n-nodes-base.webhook","nodeName":"Webhook","nodeId":"e402281a-9653-4fc6-b776-a3a8a26ca6ef"}}
{"__type":"$$EventMessageConfirm","confirm":"efc6a5ec-94f2-48c3-8054-f7f4388e55ae","ts":"2025-12-03T19:51:04.780+05:30","source":{"id":"0","name":"eventBus"}}
{"__type":"$$EventMessageNode","id":"cc49512f-5d46-42a3-8640-a53508ee645c","ts":"2025-12-03T19:51:04.780+05:30","eventName":"n8n.node.finished","message":"n8n.node.finished","payload":{"workflowId":"QHdK0Gz8ZQp7lhff","workflowName":"List_Prometheus_Metric","executionId":"7","nodeType":"n8n-nodes-base.webhook","nodeName":"Webhook","nodeId":"e402281a-9653-4fc6-b776-a3a8a26ca6ef"}}
{"__type":"$$EventMessageConfirm","confirm":"cc49512f-5d46-42a3-8640-a53508ee645c","ts":"2025-12-03T19:51:04.780+05:30","source":{"id":"0","name":"eventBus"}}
{"__type":"$$EventMessageNode","id":"75dc40b1-59a3-4903-9927-be1030b26e31","ts":"2025-12-03T19:51:04.781+05:30","eventName":"n8n.node.started","message":"n8n.node.started","payload":{"workflowId":"QHdK0Gz8ZQp7lhff","workflowName":"List_Prometheus_Metric","executionId":"7","nodeType":"n8n-nodes-base.httpRequest","nodeName":"Fetch Metric","nodeId":"fcb22982-9333-4c2b-a278-88501d57d5e9"}}
{"__type":"$$EventMessageConfirm","confirm":"75dc40b1-59a3-4903-9927-be1030b26e31","ts":"2025-12-03T19:51:04.781+05:30","source":{"id":"0","name":"eventBus"}}
{"__type":"$$EventMessageNode","id":"6b66fa69-242e-40f7-87dc-ea0a5cfcb10e","ts":"2025-12-03T19:51:04.790+05:30","eventName":"n8n.node.finished","message":"n8n.node.finished","payload":{"workflowId":"QHdK0Gz8ZQp7lhff","workflowName":"List_Prometheus_Metric","executionId":"7","nodeType":"n8n-nodes-base.httpRequest","nodeName":"Fetch Metric","nodeId":"fcb22982-9333-4c2b-a278-88501d57d5e9"}}
{"__type":"$$EventMessageConfirm","confirm":"6b66fa69-242e-40f7-87dc-ea0a5cfcb10e","ts":"2025-12-03T19:51:04.790+05:30","source":{"id":"0","name":"eventBus"}}
{"__type":"$$EventMessageWorkflow","id":"3f9a3257-3877-4361-b7e2-53dc75f0606a","ts":"2025-12-03T19:51:04.790+05:30","eventName":"n8n.workflow.success","message":"n8n.workflow.success","payload":{"executionId":"7","success":true,"isManual":false,"workflowId":"QHdK0Gz8ZQp7lhff","workflowName":"List_Prometheus_Metric"}}
{"__type":"$$EventMessageConfirm","confirm":"3f9a3257-3877-4361-b7e2-53dc75f0606a","ts":"2025-12-03T19:51:04.790+05:30","source":{"id":"0","name":"eventBus"}}
{"__type":"$$EventMessageWorkflow","id":"60ce0f87-6c2e-4ac1-85b4-92aed3df879a","ts":"2025-12-03T19:51:40.930+05:30","eventName":"n8n.workflow.started","message":"n8n.workflow.started","payload":{"executionId":"8","workflowId":"QHdK0Gz8ZQp7lhff","isManual":false,"workflowName":"List_Prometheus_Metric"}}
{"__type":"$$EventMessageConfirm","confirm":"60ce0f87-6c2e-4ac1-85b4-92aed3df879a","ts":"2025-12-03T19:51:40.930+05:30","source":{"id":"0","name":"eventBus"}}
{"__type":"$$EventMessageNode","id":"c4605e18-0029-44f3-930c-23271d0e27a6","ts":"2025-12-03T19:51:40.930+05:30","eventName":"n8n.node.started","message":"n8n.node.started","payload":{"workflowId":"QHdK0Gz8ZQp7lhff","workflowName":"List_Prometheus_Metric","executionId":"8","nodeType":"n8n-nodes-base.webhook","nodeName":"Webhook","nodeId":"e402281a-9653-4fc6-b776-a3a8a26ca6ef"}}
{"__type":"$$EventMessageConfirm","confirm":"c4605e18-0029-44f3-930c-23271d0e27a6","ts":"2025-12-03T19:51:40.930+05:30","source":{"id":"0","name":"eventBus"}}
{"__type":"$$EventMessageNode","id":"79f508ac-0dad-43ec-b2d8-daebc931efab","ts":"2025-12-03T19:51:40.931+05:30","eventName":"n8n.node.finished","message":"n8n.node.finished","payload":{"workflowId":"QHdK0Gz8ZQp7lhff","workflowName":"List_Prometheus_Metric","executionId":"8","nodeType":"n8n-nodes-base.webhook","nodeName":"Webhook","nodeId":"e402281a-9653-4fc6-b776-a3a8a26ca6ef"}}
{"__type":"$$EventMessageConfirm","confirm":"79f508ac-0dad-43ec-b2d8-daebc931efab","ts":"2025-12-03T19:51:40.931+05:30","source":{"id":"0","name":"eventBus"}}
{"__type":"$$EventMessageNode","id":"6243d5d4-ae4e-4e73-8a51-6ddb443d026e","ts":"2025-12-03T19:51:40.931+05:30","eventName":"n8n.node.started","message":"n8n.node.started","payload":{"workflowId":"QHdK0Gz8ZQp7lhff","workflowName":"List_Prometheus_Metric","executionId":"8","nodeType":"n8n-nodes-base.httpRequest","nodeName":"Fetch Metric","nodeId":"fcb22982-9333-4c2b-a278-88501d57d5e9"}}
{"__type":"$$EventMessageConfirm","confirm":"6243d5d4-ae4e-4e73-8a51-6ddb443d026e","ts":"2025-12-03T19:51:40.931+05:30","source":{"id":"0","name":"eventBus"}}
{"__type":"$$EventMessageNode","id":"68b21a90-5212-4fbb-9883-6713a54fa435","ts":"2025-12-03T19:51:40.941+05:30","eventName":"n8n.node.finished","message":"n8n.node.finished","payload":{"workflowId":"QHdK0Gz8ZQp7lhff","workflowName":"List_Prometheus_Metric","executionId":"8","nodeType":"n8n-nodes-base.httpRequest","nodeName":"Fetch Metric","nodeId":"fcb22982-9333-4c2b-a278-88501d57d5e9"}}
{"__type":"$$EventMessageConfirm","confirm":"68b21a90-5212-4fbb-9883-6713a54fa435","ts":"2025-12-03T19:51:40.942+05:30","source":{"id":"0","name":"eventBus"}}
{"__type":"$$EventMessageWorkflow","id":"4e7a3455-adf1-48c8-aecb-6bd6fc725213","ts":"2025-12-03T19:51:40.942+05:30","eventName":"n8n.workflow.success","message":"n8n.workflow.success","payload":{"executionId":"8","success":true,"isManual":false,"workflowId":"QHdK0Gz8ZQp7lhff","workflowName":"List_Prometheus_Metric"}}
{"__type":"$$EventMessageConfirm","confirm":"4e7a3455-adf1-48c8-aecb-6bd6fc725213","ts":"2025-12-03T19:51:40.942+05:30","source":{"id":"0","name":"eventBus"}}
{"__type":"$$EventMessageWorkflow","id":"750f1bb6-a245-49d7-a0e1-408e219cad05","ts":"2025-12-03T19:58:36.809+05:30","eventName":"n8n.workflow.started","message":"n8n.workflow.started","payload":{"executionId":"9","workflowId":"QHdK0Gz8ZQp7lhff","isManual":false,"workflowName":"List_Prometheus_Metric"}}
{"__type":"$$EventMessageConfirm","confirm":"750f1bb6-a245-49d7-a0e1-408e219cad05","ts":"2025-12-03T19:58:36.810+05:30","source":{"id":"0","name":"eventBus"}}
{"__type":"$$EventMessageNode","id":"e56173b8-e1b3-4ae4-8a8a-351c8e498034","ts":"2025-12-03T19:58:36.810+05:30","eventName":"n8n.node.started","message":"n8n.node.started","payload":{"workflowId":"QHdK0Gz8ZQp7lhff","workflowName":"List_Prometheus_Metric","executionId":"9","nodeType":"n8n-nodes-base.webhook","nodeName":"Webhook","nodeId":"e402281a-9653-4fc6-b776-a3a8a26ca6ef"}}
{"__type":"$$EventMessageConfirm","confirm":"e56173b8-e1b3-4ae4-8a8a-351c8e498034","ts":"2025-12-03T19:58:36.810+05:30","source":{"id":"0","name":"eventBus"}}
{"__type":"$$EventMessageNode","id":"badd4216-8d99-4d8c-99ed-d213874edba3","ts":"2025-12-03T19:58:36.811+05:30","eventName":"n8n.node.finished","message":"n8n.node.finished","payload":{"workflowId":"QHdK0Gz8ZQp7lhff","workflowName":"List_Prometheus_Metric","executionId":"9","nodeType":"n8n-nodes-base.webhook","nodeName":"Webhook","nodeId":"e402281a-9653-4fc6-b776-a3a8a26ca6ef"}}
{"__type":"$$EventMessageConfirm","confirm":"badd4216-8d99-4d8c-99ed-d213874edba3","ts":"2025-12-03T19:58:36.811+05:30","source":{"id":"0","name":"eventBus"}}
{"__type":"$$EventMessageNode","id":"355d887c-2e20-4c8b-b7a1-583db5903216","ts":"2025-12-03T19:58:36.811+05:30","eventName":"n8n.node.started","message":"n8n.node.started","payload":{"workflowId":"QHdK0Gz8ZQp7lhff","workflowName":"List_Prometheus_Metric","executionId":"9","nodeType":"n8n-nodes-base.httpRequest","nodeName":"Fetch Metric","nodeId":"fcb22982-9333-4c2b-a278-88501d57d5e9"}}
{"__type":"$$EventMessageConfirm","confirm":"355d887c-2e20-4c8b-b7a1-583db5903216","ts":"2025-12-03T19:58:36.811+05:30","source":{"id":"0","name":"eventBus"}}
{"__type":"$$EventMessageNode","id":"b6d3e534-72dd-4b49-b890-0021cc2379cc","ts":"2025-12-03T19:58:36.829+05:30","eventName":"n8n.node.finished","message":"n8n.node.finished","payload":{"workflowId":"QHdK0Gz8ZQp7lhff","workflowName":"List_Prometheus_Metric","executionId":"9","nodeType":"n8n-nodes-base.httpRequest","nodeName":"Fetch Metric","nodeId":"fcb22982-9333-4c2b-a278-88501d57d5e9"}}
{"__type":"$$EventMessageConfirm","confirm":"b6d3e534-72dd-4b49-b890-0021cc2379cc","ts":"2025-12-03T19:58:36.829+05:30","source":{"id":"0","name":"eventBus"}}
{"__type":"$$EventMessageWorkflow","id":"716b7545-b469-412c-b5c1-be49cbfd157f","ts":"2025-12-03T19:58:36.830+05:30","eventName":"n8n.workflow.success","message":"n8n.workflow.success","payload":{"executionId":"9","success":true,"isManual":false,"workflowId":"QHdK0Gz8ZQp7lhff","workflowName":"List_Prometheus_Metric"}}
{"__type":"$$EventMessageConfirm","confirm":"716b7545-b469-412c-b5c1-be49cbfd157f","ts":"2025-12-03T19:58:36.830+05:30","source":{"id":"0","name":"eventBus"}}
{"__type":"$$EventMessageWorkflow","id":"8e36434c-b43e-4cc6-9e87-6a3ca59c5523","ts":"2025-12-03T20:07:43.693+05:30","eventName":"n8n.workflow.started","message":"n8n.workflow.started","payload":{"executionId":"10","workflowId":"QHdK0Gz8ZQp7lhff","isManual":false,"workflowName":"List_Prometheus_Metric"}}
{"__type":"$$EventMessageConfirm","confirm":"8e36434c-b43e-4cc6-9e87-6a3ca59c5523","ts":"2025-12-03T20:07:43.694+05:30","source":{"id":"0","name":"eventBus"}}
{"__type":"$$EventMessageNode","id":"bbc93360-4ab0-4ede-a459-e32a79dd69df","ts":"2025-12-03T20:07:43.694+05:30","eventName":"n8n.node.started","message":"n8n.node.started","payload":{"workflowId":"QHdK0Gz8ZQp7lhff","workflowName":"List_Prometheus_Metric","executionId":"10","nodeType":"n8n-nodes-base.webhook","nodeName":"Webhook","nodeId":"e402281a-9653-4fc6-b776-a3a8a26ca6ef"}}
{"__type":"$$EventMessageConfirm","confirm":"bbc93360-4ab0-4ede-a459-e32a79dd69df","ts":"2025-12-03T20:07:43.694+05:30","source":{"id":"0","name":"eventBus"}}
{"__type":"$$EventMessageNode","id":"333004bf-fa35-412e-a4e2-de4919c041be","ts":"2025-12-03T20:07:43.695+05:30","eventName":"n8n.node.finished","message":"n8n.node.finished","payload":{"workflowId":"QHdK0Gz8ZQp7lhff","workflowName":"List_Prometheus_Metric","executionId":"10","nodeType":"n8n-nodes-base.webhook","nodeName":"Webhook","nodeId":"e402281a-9653-4fc6-b776-a3a8a26ca6ef"}}
{"__type":"$$EventMessageConfirm","confirm":"333004bf-fa35-412e-a4e2-de4919c041be","ts":"2025-12-03T20:07:43.695+05:30","source":{"id":"0","name":"eventBus"}}
{"__type":"$$EventMessageNode","id":"e6f4d96e-f373-478d-b9da-77fe7ea8e66a","ts":"2025-12-03T20:07:43.695+05:30","eventName":"n8n.node.started","message":"n8n.node.started","payload":{"workflowId":"QHdK0Gz8ZQp7lhff","workflowName":"List_Prometheus_Metric","executionId":"10","nodeType":"n8n-nodes-base.httpRequest","nodeName":"Fetch Metric","nodeId":"fcb22982-9333-4c2b-a278-88501d57d5e9"}}
{"__type":"$$EventMessageConfirm","confirm":"e6f4d96e-f373-478d-b9da-77fe7ea8e66a","ts":"2025-12-03T20:07:43.696+05:30","source":{"id":"0","name":"eventBus"}}
{"__type":"$$EventMessageNode","id":"c6407972-5fca-4b7a-a911-bc43175860fa","ts":"2025-12-03T20:07:43.706+05:30","eventName":"n8n.node.finished","message":"n8n.node.finished","payload":{"workflowId":"QHdK0Gz8ZQp7lhff","workflowName":"List_Prometheus_Metric","executionId":"10","nodeType":"n8n-nodes-base.httpRequest","nodeName":"Fetch Metric","nodeId":"fcb22982-9333-4c2b-a278-88501d57d5e9"}}
{"__type":"$$EventMessageConfirm","confirm":"c6407972-5fca-4b7a-a911-bc43175860fa","ts":"2025-12-03T20:07:43.706+05:30","source":{"id":"0","name":"eventBus"}}
{"__type":"$$EventMessageWorkflow","id":"8cbc6cd2-dfef-43f9-89dc-2ce4a237b13f","ts":"2025-12-03T20:07:43.706+05:30","eventName":"n8n.workflow.success","message":"n8n.workflow.success","payload":{"executionId":"10","success":true,"isManual":false,"workflowId":"QHdK0Gz8ZQp7lhff","workflowName":"List_Prometheus_Metric"}}
{"__type":"$$EventMessageConfirm","confirm":"8cbc6cd2-dfef-43f9-89dc-2ce4a237b13f","ts":"2025-12-03T20:07:43.706+05:30","source":{"id":"0","name":"eventBus"}}
{"__type":"$$EventMessageAudit","id":"67cd2081-d2e1-49ef-a988-9a47e9cb5cf9","ts":"2025-12-03T20:10:31.171+05:30","eventName":"n8n.audit.workflow.created","message":"n8n.audit.workflow.created","payload":{"userId":"4d5480ed-c9f8-4dfa-92b4-a58120146de3","_email":"bhoopesh123@gmail.com","_firstName":"Bhoopesh","_lastName":"Sharma","globalRole":"global:owner","workflowId":"w2EI09reya6h3bKr","workflowName":"Process_cpu_seconds"}}
{"__type":"$$EventMessageConfirm","confirm":"67cd2081-d2e1-49ef-a988-9a47e9cb5cf9","ts":"2025-12-03T20:10:31.171+05:30","source":{"id":"0","name":"eventBus"}}
{"__type":"$$EventMessageAudit","id":"8ad2f301-3782-41be-a2ce-6ba354966607","ts":"2025-12-03T20:11:14.121+05:30","eventName":"n8n.audit.workflow.updated","message":"n8n.audit.workflow.updated","payload":{"userId":"4d5480ed-c9f8-4dfa-92b4-a58120146de3","_email":"bhoopesh123@gmail.com","_firstName":"Bhoopesh","_lastName":"Sharma","globalRole":"global:owner","workflowId":"w2EI09reya6h3bKr","workflowName":"Process_cpu_seconds"}}
{"__type":"$$EventMessageConfirm","confirm":"8ad2f301-3782-41be-a2ce-6ba354966607","ts":"2025-12-03T20:11:14.121+05:30","source":{"id":"0","name":"eventBus"}}
{"__type":"$$EventMessageAudit","id":"15ed66c1-50d3-4991-8477-93269b025c06","ts":"2025-12-03T20:11:34.563+05:30","eventName":"n8n.audit.workflow.updated","message":"n8n.audit.workflow.updated","payload":{"userId":"4d5480ed-c9f8-4dfa-92b4-a58120146de3","_email":"bhoopesh123@gmail.com","_firstName":"Bhoopesh","_lastName":"Sharma","globalRole":"global:owner","workflowId":"w2EI09reya6h3bKr","workflowName":"Process_cpu_seconds"}}
{"__type":"$$EventMessageConfirm","confirm":"15ed66c1-50d3-4991-8477-93269b025c06","ts":"2025-12-03T20:11:34.564+05:30","source":{"id":"0","name":"eventBus"}}
{"__type":"$$EventMessageWorkflow","id":"daa59413-7bcc-4f81-b6d0-7fcda3283dab","ts":"2025-12-03T20:11:57.837+05:30","eventName":"n8n.workflow.started","message":"n8n.workflow.started","payload":{"executionId":"11","workflowId":"w2EI09reya6h3bKr","isManual":false,"workflowName":"Process_cpu_seconds"}}
{"__type":"$$EventMessageConfirm","confirm":"daa59413-7bcc-4f81-b6d0-7fcda3283dab","ts":"2025-12-03T20:11:57.837+05:30","source":{"id":"0","name":"eventBus"}}
{"__type":"$$EventMessageNode","id":"02dc2acd-7c03-4a70-8817-dbffd477c6a2","ts":"2025-12-03T20:11:57.838+05:30","eventName":"n8n.node.started","message":"n8n.node.started","payload":{"workflowId":"w2EI09reya6h3bKr","workflowName":"Process_cpu_seconds","executionId":"11","nodeType":"n8n-nodes-base.webhook","nodeName":"Webhook","nodeId":"1e483007-fd03-4fc1-a34c-b4eca9ad62d3"}}
{"__type":"$$EventMessageConfirm","confirm":"02dc2acd-7c03-4a70-8817-dbffd477c6a2","ts":"2025-12-03T20:11:57.838+05:30","source":{"id":"0","name":"eventBus"}}
{"__type":"$$EventMessageNode","id":"06b2d8c9-47c9-4cc3-aa3b-43d48afb037b","ts":"2025-12-03T20:11:57.838+05:30","eventName":"n8n.node.finished","message":"n8n.node.finished","payload":{"workflowId":"w2EI09reya6h3bKr","workflowName":"Process_cpu_seconds","executionId":"11","nodeType":"n8n-nodes-base.webhook","nodeName":"Webhook","nodeId":"1e483007-fd03-4fc1-a34c-b4eca9ad62d3"}}
{"__type":"$$EventMessageConfirm","confirm":"06b2d8c9-47c9-4cc3-aa3b-43d48afb037b","ts":"2025-12-03T20:11:57.838+05:30","source":{"id":"0","name":"eventBus"}}
{"__type":"$$EventMessageNode","id":"9bbd163e-306b-4081-9703-9ec51ad050d6","ts":"2025-12-03T20:11:57.838+05:30","eventName":"n8n.node.started","message":"n8n.node.started","payload":{"workflowId":"w2EI09reya6h3bKr","workflowName":"Process_cpu_seconds","executionId":"11","nodeType":"n8n-nodes-base.httpRequest","nodeName":"Fetch Metric","nodeId":"95969bb5-f019-4d6f-a65c-b6ebc175c71a"}}
{"__type":"$$EventMessageConfirm","confirm":"9bbd163e-306b-4081-9703-9ec51ad050d6","ts":"2025-12-03T20:11:57.838+05:30","source":{"id":"0","name":"eventBus"}}
{"__type":"$$EventMessageNode","id":"e979e6d3-4302-4e8d-89f3-fcc828c9e2cf","ts":"2025-12-03T20:11:57.847+05:30","eventName":"n8n.node.finished","message":"n8n.node.finished","payload":{"workflowId":"w2EI09reya6h3bKr","workflowName":"Process_cpu_seconds","executionId":"11","nodeType":"n8n-nodes-base.httpRequest","nodeName":"Fetch Metric","nodeId":"95969bb5-f019-4d6f-a65c-b6ebc175c71a"}}
{"__type":"$$EventMessageConfirm","confirm":"e979e6d3-4302-4e8d-89f3-fcc828c9e2cf","ts":"2025-12-03T20:11:57.848+05:30","source":{"id":"0","name":"eventBus"}}
{"__type":"$$EventMessageWorkflow","id":"3b581af7-7842-4df2-baaa-bc945a6e5b1c","ts":"2025-12-03T20:11:57.848+05:30","eventName":"n8n.workflow.success","message":"n8n.workflow.success","payload":{"executionId":"11","success":true,"isManual":false,"workflowId":"w2EI09reya6h3bKr","workflowName":"Process_cpu_seconds"}}
{"__type":"$$EventMessageConfirm","confirm":"3b581af7-7842-4df2-baaa-bc945a6e5b1c","ts":"2025-12-03T20:11:57.848+05:30","source":{"id":"0","name":"eventBus"}}
{"__type":"$$EventMessageWorkflow","id":"396c31f4-efb7-481f-8b77-4d09332b5a84","ts":"2025-12-03T20:14:22.102+05:30","eventName":"n8n.workflow.started","message":"n8n.workflow.started","payload":{"executionId":"12","workflowId":"QHdK0Gz8ZQp7lhff","isManual":false,"workflowName":"List_Prometheus_Metric"}}
{"__type":"$$EventMessageConfirm","confirm":"396c31f4-efb7-481f-8b77-4d09332b5a84","ts":"2025-12-03T20:14:22.102+05:30","source":{"id":"0","name":"eventBus"}}
{"__type":"$$EventMessageNode","id":"c5198b73-3886-419c-ad32-85e4500ba164","ts":"2025-12-03T20:14:22.102+05:30","eventName":"n8n.node.started","message":"n8n.node.started","payload":{"workflowId":"QHdK0Gz8ZQp7lhff","workflowName":"List_Prometheus_Metric","executionId":"12","nodeType":"n8n-nodes-base.webhook","nodeName":"Webhook","nodeId":"e402281a-9653-4fc6-b776-a3a8a26ca6ef"}}
{"__type":"$$EventMessageConfirm","confirm":"c5198b73-3886-419c-ad32-85e4500ba164","ts":"2025-12-03T20:14:22.103+05:30","source":{"id":"0","name":"eventBus"}}
{"__type":"$$EventMessageNode","id":"a5665507-9bf0-4a23-917c-b11134ecc19d","ts":"2025-12-03T20:14:22.103+05:30","eventName":"n8n.node.finished","message":"n8n.node.finished","payload":{"workflowId":"QHdK0Gz8ZQp7lhff","workflowName":"List_Prometheus_Metric","executionId":"12","nodeType":"n8n-nodes-base.webhook","nodeName":"Webhook","nodeId":"e402281a-9653-4fc6-b776-a3a8a26ca6ef"}}
{"__type":"$$EventMessageConfirm","confirm":"a5665507-9bf0-4a23-917c-b11134ecc19d","ts":"2025-12-03T20:14:22.103+05:30","source":{"id":"0","name":"eventBus"}}
{"__type":"$$EventMessageNode","id":"7f5c8620-987e-469b-8e1b-789dfb559bf3","ts":"2025-12-03T20:14:22.104+05:30","eventName":"n8n.node.started","message":"n8n.node.started","payload":{"workflowId":"QHdK0Gz8ZQp7lhff","workflowName":"List_Prometheus_Metric","executionId":"12","nodeType":"n8n-nodes-base.httpRequest","nodeName":"Fetch Metric","nodeId":"fcb22982-9333-4c2b-a278-88501d57d5e9"}}
{"__type":"$$EventMessageConfirm","confirm":"7f5c8620-987e-469b-8e1b-789dfb559bf3","ts":"2025-12-03T20:14:22.104+05:30","source":{"id":"0","name":"eventBus"}}
{"__type":"$$EventMessageNode","id":"20eb739a-49d8-42a4-8af7-e72ddc7ce14a","ts":"2025-12-03T20:14:22.113+05:30","eventName":"n8n.node.finished","message":"n8n.node.finished","payload":{"workflowId":"QHdK0Gz8ZQp7lhff","workflowName":"List_Prometheus_Metric","executionId":"12","nodeType":"n8n-nodes-base.httpRequest","nodeName":"Fetch Metric","nodeId":"fcb22982-9333-4c2b-a278-88501d57d5e9"}}
{"__type":"$$EventMessageConfirm","confirm":"20eb739a-49d8-42a4-8af7-e72ddc7ce14a","ts":"2025-12-03T20:14:22.114+05:30","source":{"id":"0","name":"eventBus"}}
{"__type":"$$EventMessageWorkflow","id":"55680106-58f1-4b84-a50d-ef02f09e466e","ts":"2025-12-03T20:14:22.114+05:30","eventName":"n8n.workflow.success","message":"n8n.workflow.success","payload":{"executionId":"12","success":true,"isManual":false,"workflowId":"QHdK0Gz8ZQp7lhff","workflowName":"List_Prometheus_Metric"}}
{"__type":"$$EventMessageConfirm","confirm":"55680106-58f1-4b84-a50d-ef02f09e466e","ts":"2025-12-03T20:14:22.114+05:30","source":{"id":"0","name":"eventBus"}}
{"__type":"$$EventMessageWorkflow","id":"c769caf2-4d3c-42bd-8805-3c853db77af4","ts":"2025-12-03T20:19:10.358+05:30","eventName":"n8n.workflow.started","message":"n8n.workflow.started","payload":{"executionId":"13","workflowId":"w2EI09reya6h3bKr","isManual":false,"workflowName":"Process_cpu_seconds"}}
{"__type":"$$EventMessageConfirm","confirm":"c769caf2-4d3c-42bd-8805-3c853db77af4","ts":"2025-12-03T20:19:10.359+05:30","source":{"id":"0","name":"eventBus"}}
{"__type":"$$EventMessageNode","id":"daf85aa5-f22f-44a6-be45-3e3698c0eda6","ts":"2025-12-03T20:19:10.359+05:30","eventName":"n8n.node.started","message":"n8n.node.started","payload":{"workflowId":"w2EI09reya6h3bKr","workflowName":"Process_cpu_seconds","executionId":"13","nodeType":"n8n-nodes-base.webhook","nodeName":"Webhook","nodeId":"1e483007-fd03-4fc1-a34c-b4eca9ad62d3"}}
{"__type":"$$EventMessageConfirm","confirm":"daf85aa5-f22f-44a6-be45-3e3698c0eda6","ts":"2025-12-03T20:19:10.359+05:30","source":{"id":"0","name":"eventBus"}}
{"__type":"$$EventMessageNode","id":"21f9e282-2a1a-4bae-833a-37fe675ce2d6","ts":"2025-12-03T20:19:10.360+05:30","eventName":"n8n.node.finished","message":"n8n.node.finished","payload":{"workflowId":"w2EI09reya6h3bKr","workflowName":"Process_cpu_seconds","executionId":"13","nodeType":"n8n-nodes-base.webhook","nodeName":"Webhook","nodeId":"1e483007-fd03-4fc1-a34c-b4eca9ad62d3"}}
{"__type":"$$EventMessageConfirm","confirm":"21f9e282-2a1a-4bae-833a-37fe675ce2d6","ts":"2025-12-03T20:19:10.360+05:30","source":{"id":"0","name":"eventBus"}}
{"__type":"$$EventMessageNode","id":"99e706fa-218c-4819-b869-0d8f822ed365","ts":"2025-12-03T20:19:10.360+05:30","eventName":"n8n.node.started","message":"n8n.node.started","payload":{"workflowId":"w2EI09reya6h3bKr","workflowName":"Process_cpu_seconds","executionId":"13","nodeType":"n8n-nodes-base.httpRequest","nodeName":"Fetch Metric","nodeId":"95969bb5-f019-4d6f-a65c-b6ebc175c71a"}}
{"__type":"$$EventMessageConfirm","confirm":"99e706fa-218c-4819-b869-0d8f822ed365","ts":"2025-12-03T20:19:10.360+05:30","source":{"id":"0","name":"eventBus"}}
{"__type":"$$EventMessageNode","id":"7879d6df-415b-4473-91de-736ef765f962","ts":"2025-12-03T20:19:10.368+05:30","eventName":"n8n.node.finished","message":"n8n.node.finished","payload":{"workflowId":"w2EI09reya6h3bKr","workflowName":"Process_cpu_seconds","executionId":"13","nodeType":"n8n-nodes-base.httpRequest","nodeName":"Fetch Metric","nodeId":"95969bb5-f019-4d6f-a65c-b6ebc175c71a"}}
{"__type":"$$EventMessageConfirm","confirm":"7879d6df-415b-4473-91de-736ef765f962","ts":"2025-12-03T20:19:10.368+05:30","source":{"id":"0","name":"eventBus"}}
{"__type":"$$EventMessageWorkflow","id":"8250205a-899a-4b98-bc8c-0fa07aa7ec7a","ts":"2025-12-03T20:19:10.368+05:30","eventName":"n8n.workflow.success","message":"n8n.workflow.success","payload":{"executionId":"13","success":true,"isManual":false,"workflowId":"w2EI09reya6h3bKr","workflowName":"Process_cpu_seconds"}}
{"__type":"$$EventMessageConfirm","confirm":"8250205a-899a-4b98-bc8c-0fa07aa7ec7a","ts":"2025-12-03T20:19:10.368+05:30","source":{"id":"0","name":"eventBus"}}
{"__type":"$$EventMessageAudit","id":"4c99fa9e-9c5f-4a49-9b17-d5d9fb0a69e9","ts":"2025-12-04T16:20:09.702+05:30","eventName":"n8n.audit.workflow.created","message":"n8n.audit.workflow.created","payload":{"userId":"4d5480ed-c9f8-4dfa-92b4-a58120146de3","_email":"bhoopesh123@gmail.com","_firstName":"Bhoopesh","_lastName":"Sharma","globalRole":"global:owner","workflowId":"qL5ohUlHsodr2uFr","workflowName":"My workflow"}}
{"__type":"$$EventMessageConfirm","confirm":"4c99fa9e-9c5f-4a49-9b17-d5d9fb0a69e9","ts":"2025-12-04T16:20:09.702+05:30","source":{"id":"0","name":"eventBus"}}
{"__type":"$$EventMessageWorkflow","id":"8fa28fcf-a1c0-4097-b2c1-5a6ebe3c5c4d","ts":"2025-12-04T16:20:09.911+05:30","eventName":"n8n.workflow.started","message":"n8n.workflow.started","payload":{"executionId":"14","workflowId":"qL5ohUlHsodr2uFr","isManual":false,"workflowName":"My workflow"}}
{"__type":"$$EventMessageConfirm","confirm":"8fa28fcf-a1c0-4097-b2c1-5a6ebe3c5c4d","ts":"2025-12-04T16:20:09.911+05:30","source":{"id":"0","name":"eventBus"}}
{"__type":"$$EventMessageNode","id":"d15063d7-6ddb-42a4-a0a2-703d0a346a2c","ts":"2025-12-04T16:20:09.914+05:30","eventName":"n8n.node.started","message":"n8n.node.started","payload":{"workflowId":"qL5ohUlHsodr2uFr","workflowName":"My workflow","executionId":"14","nodeType":"n8n-nodes-base.executeCommand","nodeName":"Restart Grafana","nodeId":"4c41a9ba-ce28-405d-973e-d6594d466ded"}}
{"__type":"$$EventMessageConfirm","confirm":"d15063d7-6ddb-42a4-a0a2-703d0a346a2c","ts":"2025-12-04T16:20:09.915+05:30","source":{"id":"0","name":"eventBus"}}
{"__type":"$$EventMessageNode","id":"2712a630-8940-4158-a5c4-f3c724e0b1d2","ts":"2025-12-04T16:20:09.996+05:30","eventName":"n8n.node.finished","message":"n8n.node.finished","payload":{"workflowId":"qL5ohUlHsodr2uFr","workflowName":"My workflow","executionId":"14","nodeType":"n8n-nodes-base.executeCommand","nodeName":"Restart Grafana","nodeId":"4c41a9ba-ce28-405d-973e-d6594d466ded"}}
{"__type":"$$EventMessageConfirm","confirm":"2712a630-8940-4158-a5c4-f3c724e0b1d2","ts":"2025-12-04T16:20:09.997+05:30","source":{"id":"0","name":"eventBus"}}
{"__type":"$$EventMessageWorkflow","id":"c7476f35-b45b-4831-873c-3a174c92223e","ts":"2025-12-04T16:20:10.001+05:30","eventName":"n8n.workflow.failed","message":"n8n.workflow.failed","payload":{"userId":"4d5480ed-c9f8-4dfa-92b4-a58120146de3","executionId":"14","success":false,"isManual":true,"workflowId":"qL5ohUlHsodr2uFr","workflowName":"My workflow","lastNodeExecuted":"Restart Grafana","errorNodeType":"n8n-nodes-base.executeCommand","errorMessage":"Command failed: docker restart grafana\n/bin/sh: docker: not found\n"}}
{"__type":"$$EventMessageConfirm","confirm":"c7476f35-b45b-4831-873c-3a174c92223e","ts":"2025-12-04T16:20:10.001+05:30","source":{"id":"0","name":"eventBus"}}
