{"__type":"$$EventMessageWorkflow","id":"6697ec55-ceb6-4e78-ae44-95d2d15991c2","ts":"2025-12-04T16:28:21.287+05:30","eventName":"n8n.workflow.started","message":"n8n.workflow.started","payload":{"executionId":"15","workflowId":"qL5ohUlHsodr2uFr","isManual":false,"workflowName":"My workflow"}}
{"__type":"$$EventMessageConfirm","confirm":"6697ec55-ceb6-4e78-ae44-95d2d15991c2","ts":"2025-12-04T16:28:21.287+05:30","source":{"id":"0","name":"eventBus"}}
{"__type":"$$EventMessageNode","id":"4678029c-76d2-46e4-9c66-cd2d2034377f","ts":"2025-12-04T16:28:21.289+05:30","eventName":"n8n.node.started","message":"n8n.node.started","payload":{"workflowId":"qL5ohUlHsodr2uFr","workflowName":"My workflow","executionId":"15","nodeType":"n8n-nodes-base.manualTrigger","nodeName":"Manual Trigger","nodeId":"a5ba9afb-eb45-4f71-8562-2849e0ef732c"}}
{"__type":"$$EventMessageConfirm","confirm":"4678029c-76d2-46e4-9c66-cd2d2034377f","ts":"2025-12-04T16:28:21.289+05:30","source":{"id":"0","name":"eventBus"}}
{"__type":"$$EventMessageNode","id":"356b9f4f-2207-4aa7-8ec7-c2bff3366119","ts":"2025-12-04T16:28:21.294+05:30","eventName":"n8n.node.finished","message":"n8n.node.finished","payload":{"workflowId":"qL5ohUlHsodr2uFr","workflowName":"My workflow","executionId":"15","nodeType":"n8n-nodes-base.manualTrigger","nodeName":"Manual Trigger","nodeId":"a5ba9afb-eb45-4f71-8562-2849e0ef732c"}}
{"__type":"$$EventMessageConfirm","confirm":"356b9f4f-2207-4aa7-8ec7-c2bff3366119","ts":"2025-12-04T16:28:21.294+05:30","source":{"id":"0","name":"eventBus"}}
{"__type":"$$EventMessageNode","id":"5cb1faad-862b-4ed7-a152-13c5871b3b82","ts":"2025-12-04T16:28:21.295+05:30","eventName":"n8n.node.started","message":"n8n.node.started","payload":{"workflowId":"qL5ohUlHsodr2uFr","workflowName":"My workflow","executionId":"15","nodeType":"n8n-nodes-base.executeCommand","nodeName":"Create Folder","nodeId":"e81ae411-7a9d-417a-bc69-2eb53f5ff412"}}
{"__type":"$$EventMessageConfirm","confirm":"5cb1faad-862b-4ed7-a152-13c5871b3b82","ts":"2025-12-04T16:28:21.296+05:30","source":{"id":"0","name":"eventBus"}}
{"__type":"$$EventMessageNode","id":"c8ca862b-0773-458d-98dc-8c86a912c0a2","ts":"2025-12-04T16:28:21.305+05:30","eventName":"n8n.node.finished","message":"n8n.node.finished","payload":{"workflowId":"qL5ohUlHsodr2uFr","workflowName":"My workflow","executionId":"15","nodeType":"n8n-nodes-base.executeCommand","nodeName":"Create Folder","nodeId":"e81ae411-7a9d-417a-bc69-2eb53f5ff412"}}
{"__type":"$$EventMessageConfirm","confirm":"c8ca862b-0773-458d-98dc-8c86a912c0a2","ts":"2025-12-04T16:28:21.305+05:30","source":{"id":"0","name":"eventBus"}}
{"__type":"$$EventMessageWorkflow","id":"c5d5f24d-1374-45fb-a0b8-3d8648cba71f","ts":"2025-12-04T16:28:21.310+05:30","eventName":"n8n.workflow.success","message":"n8n.workflow.success","payload":{"userId":"4d5480ed-c9f8-4dfa-92b4-a58120146de3","executionId":"15","success":true,"isManual":true,"workflowId":"qL5ohUlHsodr2uFr","workflowName":"My workflow"}}
{"__type":"$$EventMessageConfirm","confirm":"c5d5f24d-1374-45fb-a0b8-3d8648cba71f","ts":"2025-12-04T16:28:21.310+05:30","source":{"id":"0","name":"eventBus"}}
{"__type":"$$EventMessageAudit","id":"6934cd85-f750-41d3-b807-f92646648b22","ts":"2025-12-04T16:28:55.661+05:30","eventName":"n8n.audit.workflow.updated","message":"n8n.audit.workflow.updated","payload":{"userId":"4d5480ed-c9f8-4dfa-92b4-a58120146de3","_email":"bhoopesh123@gmail.com","_firstName":"Bhoopesh","_lastName":"Sharma","globalRole":"global:owner","workflowId":"qL5ohUlHsodr2uFr","workflowName":"My workflow"}}
{"__type":"$$EventMessageConfirm","confirm":"6934cd85-f750-41d3-b807-f92646648b22","ts":"2025-12-04T16:28:55.661+05:30","source":{"id":"0","name":"eventBus"}}
{"__type":"$$EventMessageAudit","id":"c1ef4afe-22f4-4b79-b1dd-ec67673a9829","ts":"2025-12-04T16:29:04.951+05:30","eventName":"n8n.audit.workflow.updated","message":"n8n.audit.workflow.updated","payload":{"userId":"4d5480ed-c9f8-4dfa-92b4-a58120146de3","_email":"bhoopesh123@gmail.com","_firstName":"Bhoopesh","_lastName":"Sharma","globalRole":"global:owner","workflowId":"qL5ohUlHsodr2uFr","workflowName":"Create_Folder"}}
{"__type":"$$EventMessageConfirm","confirm":"c1ef4afe-22f4-4b79-b1dd-ec67673a9829","ts":"2025-12-04T16:29:04.951+05:30","source":{"id":"0","name":"eventBus"}}
{"__type":"$$EventMessageWorkflow","id":"63d2ebd4-60d2-48fd-b5aa-1575a983bee0","ts":"2025-12-04T16:31:16.253+05:30","eventName":"n8n.workflow.started","message":"n8n.workflow.started","payload":{"executionId":"16","workflowId":"qL5ohUlHsodr2uFr","isManual":false,"workflowName":"Create_Folder"}}
{"__type":"$$EventMessageConfirm","confirm":"63d2ebd4-60d2-48fd-b5aa-1575a983bee0","ts":"2025-12-04T16:31:16.253+05:30","source":{"id":"0","name":"eventBus"}}
{"__type":"$$EventMessageNode","id":"b0c91b03-7db1-40a9-a7f2-4451185115ad","ts":"2025-12-04T16:31:16.255+05:30","eventName":"n8n.node.started","message":"n8n.node.started","payload":{"workflowId":"qL5ohUlHsodr2uFr","workflowName":"Create_Folder","executionId":"16","nodeType":"n8n-nodes-base.executeCommand","nodeName":"Create Folder1","nodeId":"a578d6d6-7dff-4a06-85f9-1a27aefd8f37"}}
{"__type":"$$EventMessageConfirm","confirm":"b0c91b03-7db1-40a9-a7f2-4451185115ad","ts":"2025-12-04T16:31:16.255+05:30","source":{"id":"0","name":"eventBus"}}
{"__type":"$$EventMessageNode","id":"a8618338-a246-44fa-a1a5-1763f8709415","ts":"2025-12-04T16:31:16.264+05:30","eventName":"n8n.node.finished","message":"n8n.node.finished","payload":{"workflowId":"qL5ohUlHsodr2uFr","workflowName":"Create_Folder","executionId":"16","nodeType":"n8n-nodes-base.executeCommand","nodeName":"Create Folder1","nodeId":"a578d6d6-7dff-4a06-85f9-1a27aefd8f37"}}
{"__type":"$$EventMessageConfirm","confirm":"a8618338-a246-44fa-a1a5-1763f8709415","ts":"2025-12-04T16:31:16.264+05:30","source":{"id":"0","name":"eventBus"}}
{"__type":"$$EventMessageWorkflow","id":"5630201f-9bf7-4a5b-9860-e5442a9a3396","ts":"2025-12-04T16:31:16.266+05:30","eventName":"n8n.workflow.success","message":"n8n.workflow.success","payload":{"userId":"4d5480ed-c9f8-4dfa-92b4-a58120146de3","executionId":"16","success":true,"isManual":true,"workflowId":"qL5ohUlHsodr2uFr","workflowName":"Create_Folder"}}
{"__type":"$$EventMessageConfirm","confirm":"5630201f-9bf7-4a5b-9860-e5442a9a3396","ts":"2025-12-04T16:31:16.266+05:30","source":{"id":"0","name":"eventBus"}}
{"__type":"$$EventMessageWorkflow","id":"0d938951-e996-4de9-8afa-56c204d796b7","ts":"2025-12-04T16:32:37.892+05:30","eventName":"n8n.workflow.started","message":"n8n.workflow.started","payload":{"executionId":"17","workflowId":"qL5ohUlHsodr2uFr","isManual":false,"workflowName":"Create_Folder"}}
{"__type":"$$EventMessageConfirm","confirm":"0d938951-e996-4de9-8afa-56c204d796b7","ts":"2025-12-04T16:32:37.893+05:30","source":{"id":"0","name":"eventBus"}}
{"__type":"$$EventMessageNode","id":"deb4d6dd-286b-4fd0-a019-11f0cf709c9d","ts":"2025-12-04T16:32:37.894+05:30","eventName":"n8n.node.started","message":"n8n.node.started","payload":{"workflowId":"qL5ohUlHsodr2uFr","workflowName":"Create_Folder","executionId":"17","nodeType":"n8n-nodes-base.manualTrigger","nodeName":"Manual Trigger","nodeId":"d1e15768-114d-44e6-8442-80687fd86315"}}
{"__type":"$$EventMessageConfirm","confirm":"deb4d6dd-286b-4fd0-a019-11f0cf709c9d","ts":"2025-12-04T16:32:37.895+05:30","source":{"id":"0","name":"eventBus"}}
{"__type":"$$EventMessageNode","id":"d550d573-c2ec-47a6-8ede-46fd414bf5ec","ts":"2025-12-04T16:32:37.896+05:30","eventName":"n8n.node.finished","message":"n8n.node.finished","payload":{"workflowId":"qL5ohUlHsodr2uFr","workflowName":"Create_Folder","executionId":"17","nodeType":"n8n-nodes-base.manualTrigger","nodeName":"Manual Trigger","nodeId":"d1e15768-114d-44e6-8442-80687fd86315"}}
{"__type":"$$EventMessageConfirm","confirm":"d550d573-c2ec-47a6-8ede-46fd414bf5ec","ts":"2025-12-04T16:32:37.896+05:30","source":{"id":"0","name":"eventBus"}}
{"__type":"$$EventMessageWorkflow","id":"dfe4241b-6f02-40c5-a33b-542137dc386a","ts":"2025-12-04T16:32:37.899+05:30","eventName":"n8n.workflow.success","message":"n8n.workflow.success","payload":{"userId":"4d5480ed-c9f8-4dfa-92b4-a58120146de3","executionId":"17","success":true,"isManual":true,"workflowId":"qL5ohUlHsodr2uFr","workflowName":"Create_Folder"}}
{"__type":"$$EventMessageConfirm","confirm":"dfe4241b-6f02-40c5-a33b-542137dc386a","ts":"2025-12-04T16:32:37.899+05:30","source":{"id":"0","name":"eventBus"}}
{"__type":"$$EventMessageWorkflow","id":"4898c851-172c-47b8-809e-6ec04dd6372c","ts":"2025-12-04T16:32:42.102+05:30","eventName":"n8n.workflow.started","message":"n8n.workflow.started","payload":{"executionId":"18","workflowId":"qL5ohUlHsodr2uFr","isManual":false,"workflowName":"Create_Folder"}}
{"__type":"$$EventMessageConfirm","confirm":"4898c851-172c-47b8-809e-6ec04dd6372c","ts":"2025-12-04T16:32:42.102+05:30","source":{"id":"0","name":"eventBus"}}
{"__type":"$$EventMessageNode","id":"32d97512-013c-4583-bed0-c6fce2e12bd8","ts":"2025-12-04T16:32:42.104+05:30","eventName":"n8n.node.started","message":"n8n.node.started","payload":{"workflowId":"qL5ohUlHsodr2uFr","workflowName":"Create_Folder","executionId":"18","nodeType":"n8n-nodes-base.executeCommand","nodeName":"Create Folder","nodeId":"1b707ac9-2b2c-4a2d-820b-92af24e82c19"}}
{"__type":"$$EventMessageConfirm","confirm":"32d97512-013c-4583-bed0-c6fce2e12bd8","ts":"2025-12-04T16:32:42.104+05:30","source":{"id":"0","name":"eventBus"}}
{"__type":"$$EventMessageNode","id":"711635b3-ffc7-4650-bd31-1f3272f50865","ts":"2025-12-04T16:32:42.142+05:30","eventName":"n8n.node.finished","message":"n8n.node.finished","payload":{"workflowId":"qL5ohUlHsodr2uFr","workflowName":"Create_Folder","executionId":"18","nodeType":"n8n-nodes-base.executeCommand","nodeName":"Create Folder","nodeId":"1b707ac9-2b2c-4a2d-820b-92af24e82c19"}}
{"__type":"$$EventMessageConfirm","confirm":"711635b3-ffc7-4650-bd31-1f3272f50865","ts":"2025-12-04T16:32:42.143+05:30","source":{"id":"0","name":"eventBus"}}
{"__type":"$$EventMessageWorkflow","id":"fc2738ca-8d5a-4af5-b981-327a2d58e539","ts":"2025-12-04T16:32:42.148+05:30","eventName":"n8n.workflow.failed","message":"n8n.workflow.failed","payload":{"userId":"4d5480ed-c9f8-4dfa-92b4-a58120146de3","executionId":"18","success":false,"isManual":true,"workflowId":"qL5ohUlHsodr2uFr","workflowName":"Create_Folder","lastNodeExecuted":"Create Folder","errorNodeType":"n8n-nodes-base.executeCommand","errorMessage":"Command failed: sudo systemctl start prometheus\n/bin/sh: sudo: not found\n"}}
{"__type":"$$EventMessageConfirm","confirm":"fc2738ca-8d5a-4af5-b981-327a2d58e539","ts":"2025-12-04T16:32:42.148+05:30","source":{"id":"0","name":"eventBus"}}
{"__type":"$$EventMessageWorkflow","id":"21365b0c-551d-4ed6-952f-aa5710135af4","ts":"2025-12-04T16:33:18.751+05:30","eventName":"n8n.workflow.started","message":"n8n.workflow.started","payload":{"executionId":"19","workflowId":"qL5ohUlHsodr2uFr","isManual":false,"workflowName":"Create_Folder"}}
{"__type":"$$EventMessageConfirm","confirm":"21365b0c-551d-4ed6-952f-aa5710135af4","ts":"2025-12-04T16:33:18.751+05:30","source":{"id":"0","name":"eventBus"}}
{"__type":"$$EventMessageNode","id":"5d942526-af79-45b9-89c9-74c9619e545f","ts":"2025-12-04T16:33:18.752+05:30","eventName":"n8n.node.started","message":"n8n.node.started","payload":{"workflowId":"qL5ohUlHsodr2uFr","workflowName":"Create_Folder","executionId":"19","nodeType":"n8n-nodes-base.executeCommand","nodeName":"Create Folder","nodeId":"1b707ac9-2b2c-4a2d-820b-92af24e82c19"}}
{"__type":"$$EventMessageConfirm","confirm":"5d942526-af79-45b9-89c9-74c9619e545f","ts":"2025-12-04T16:33:18.752+05:30","source":{"id":"0","name":"eventBus"}}
{"__type":"$$EventMessageNode","id":"0d0ac1d1-4306-44af-9a1e-f894f63f4634","ts":"2025-12-04T16:33:18.758+05:30","eventName":"n8n.node.finished","message":"n8n.node.finished","payload":{"workflowId":"qL5ohUlHsodr2uFr","workflowName":"Create_Folder","executionId":"19","nodeType":"n8n-nodes-base.executeCommand","nodeName":"Create Folder","nodeId":"1b707ac9-2b2c-4a2d-820b-92af24e82c19"}}
{"__type":"$$EventMessageConfirm","confirm":"0d0ac1d1-4306-44af-9a1e-f894f63f4634","ts":"2025-12-04T16:33:18.758+05:30","source":{"id":"0","name":"eventBus"}}
{"__type":"$$EventMessageWorkflow","id":"b2b225c9-5622-4d80-a41f-834afda1c6d6","ts":"2025-12-04T16:33:18.760+05:30","eventName":"n8n.workflow.failed","message":"n8n.workflow.failed","payload":{"userId":"4d5480ed-c9f8-4dfa-92b4-a58120146de3","executionId":"19","success":false,"isManual":true,"workflowId":"qL5ohUlHsodr2uFr","workflowName":"Create_Folder","lastNodeExecuted":"Create Folder","errorNodeType":"n8n-nodes-base.executeCommand","errorMessage":"Command failed: systemctl start prometheus\n/bin/sh: systemctl: not found\n"}}
{"__type":"$$EventMessageConfirm","confirm":"b2b225c9-5622-4d80-a41f-834afda1c6d6","ts":"2025-12-04T16:33:18.760+05:30","source":{"id":"0","name":"eventBus"}}
{"__type":"$$EventMessageWorkflow","id":"22eccc5e-fa0b-4a2c-8356-0d963b2b4bf6","ts":"2025-12-04T16:33:38.943+05:30","eventName":"n8n.workflow.started","message":"n8n.workflow.started","payload":{"executionId":"20","workflowId":"qL5ohUlHsodr2uFr","isManual":false,"workflowName":"Create_Folder"}}
{"__type":"$$EventMessageConfirm","confirm":"22eccc5e-fa0b-4a2c-8356-0d963b2b4bf6","ts":"2025-12-04T16:33:38.944+05:30","source":{"id":"0","name":"eventBus"}}
{"__type":"$$EventMessageNode","id":"4557d748-1643-43f3-ac0f-f9cb2ca11fe2","ts":"2025-12-04T16:33:38.944+05:30","eventName":"n8n.node.started","message":"n8n.node.started","payload":{"workflowId":"qL5ohUlHsodr2uFr","workflowName":"Create_Folder","executionId":"20","nodeType":"n8n-nodes-base.executeCommand","nodeName":"Create Folder","nodeId":"1b707ac9-2b2c-4a2d-820b-92af24e82c19"}}
{"__type":"$$EventMessageConfirm","confirm":"4557d748-1643-43f3-ac0f-f9cb2ca11fe2","ts":"2025-12-04T16:33:38.945+05:30","source":{"id":"0","name":"eventBus"}}
{"__type":"$$EventMessageNode","id":"98406fc6-d889-4f50-a64a-8ca05f9ebad6","ts":"2025-12-04T16:33:38.949+05:30","eventName":"n8n.node.finished","message":"n8n.node.finished","payload":{"workflowId":"qL5ohUlHsodr2uFr","workflowName":"Create_Folder","executionId":"20","nodeType":"n8n-nodes-base.executeCommand","nodeName":"Create Folder","nodeId":"1b707ac9-2b2c-4a2d-820b-92af24e82c19"}}
{"__type":"$$EventMessageConfirm","confirm":"98406fc6-d889-4f50-a64a-8ca05f9ebad6","ts":"2025-12-04T16:33:38.949+05:30","source":{"id":"0","name":"eventBus"}}
{"__type":"$$EventMessageWorkflow","id":"43e591b5-28a9-4dfe-b3d2-ab4997d84ead","ts":"2025-12-04T16:33:38.951+05:30","eventName":"n8n.workflow.success","message":"n8n.workflow.success","payload":{"userId":"4d5480ed-c9f8-4dfa-92b4-a58120146de3","executionId":"20","success":true,"isManual":true,"workflowId":"qL5ohUlHsodr2uFr","workflowName":"Create_Folder"}}
{"__type":"$$EventMessageConfirm","confirm":"43e591b5-28a9-4dfe-b3d2-ab4997d84ead","ts":"2025-12-04T16:33:38.951+05:30","source":{"id":"0","name":"eventBus"}}
{"__type":"$$EventMessageWorkflow","id":"7931d6ac-165e-45e2-9d6d-c97019ca8354","ts":"2025-12-04T16:33:42.147+05:30","eventName":"n8n.workflow.started","message":"n8n.workflow.started","payload":{"executionId":"21","workflowId":"qL5ohUlHsodr2uFr","isManual":false,"workflowName":"Create_Folder"}}
{"__type":"$$EventMessageConfirm","confirm":"7931d6ac-165e-45e2-9d6d-c97019ca8354","ts":"2025-12-04T16:33:42.147+05:30","source":{"id":"0","name":"eventBus"}}
{"__type":"$$EventMessageNode","id":"29a6bc2b-c6f2-4ed7-831d-540a40223656","ts":"2025-12-04T16:33:42.148+05:30","eventName":"n8n.node.started","message":"n8n.node.started","payload":{"workflowId":"qL5ohUlHsodr2uFr","workflowName":"Create_Folder","executionId":"21","nodeType":"n8n-nodes-base.manualTrigger","nodeName":"Manual Trigger","nodeId":"d1e15768-114d-44e6-8442-80687fd86315"}}
{"__type":"$$EventMessageConfirm","confirm":"29a6bc2b-c6f2-4ed7-831d-540a40223656","ts":"2025-12-04T16:33:42.148+05:30","source":{"id":"0","name":"eventBus"}}
{"__type":"$$EventMessageNode","id":"9745f92d-1d3a-4f3e-a7ec-a41a776d0952","ts":"2025-12-04T16:33:42.149+05:30","eventName":"n8n.node.finished","message":"n8n.node.finished","payload":{"workflowId":"qL5ohUlHsodr2uFr","workflowName":"Create_Folder","executionId":"21","nodeType":"n8n-nodes-base.manualTrigger","nodeName":"Manual Trigger","nodeId":"d1e15768-114d-44e6-8442-80687fd86315"}}
{"__type":"$$EventMessageConfirm","confirm":"9745f92d-1d3a-4f3e-a7ec-a41a776d0952","ts":"2025-12-04T16:33:42.149+05:30","source":{"id":"0","name":"eventBus"}}
{"__type":"$$EventMessageNode","id":"ceb58268-0f3f-4fa4-8a4a-bbcd06859fd2","ts":"2025-12-04T16:33:42.150+05:30","eventName":"n8n.node.started","message":"n8n.node.started","payload":{"workflowId":"qL5ohUlHsodr2uFr","workflowName":"Create_Folder","executionId":"21","nodeType":"n8n-nodes-base.executeCommand","nodeName":"Create Folder","nodeId":"1b707ac9-2b2c-4a2d-820b-92af24e82c19"}}
{"__type":"$$EventMessageConfirm","confirm":"ceb58268-0f3f-4fa4-8a4a-bbcd06859fd2","ts":"2025-12-04T16:33:42.150+05:30","source":{"id":"0","name":"eventBus"}}
{"__type":"$$EventMessageNode","id":"0cdd25d3-3c11-4cdb-a7ba-7f5e923254b9","ts":"2025-12-04T16:33:42.154+05:30","eventName":"n8n.node.finished","message":"n8n.node.finished","payload":{"workflowId":"qL5ohUlHsodr2uFr","workflowName":"Create_Folder","executionId":"21","nodeType":"n8n-nodes-base.executeCommand","nodeName":"Create Folder","nodeId":"1b707ac9-2b2c-4a2d-820b-92af24e82c19"}}
{"__type":"$$EventMessageConfirm","confirm":"0cdd25d3-3c11-4cdb-a7ba-7f5e923254b9","ts":"2025-12-04T16:33:42.154+05:30","source":{"id":"0","name":"eventBus"}}
{"__type":"$$EventMessageWorkflow","id":"0b354426-0a55-495d-aa18-f9c2c71b0613","ts":"2025-12-04T16:33:42.156+05:30","eventName":"n8n.workflow.success","message":"n8n.workflow.success","payload":{"userId":"4d5480ed-c9f8-4dfa-92b4-a58120146de3","executionId":"21","success":true,"isManual":true,"workflowId":"qL5ohUlHsodr2uFr","workflowName":"Create_Folder"}}
{"__type":"$$EventMessageConfirm","confirm":"0b354426-0a55-495d-aa18-f9c2c71b0613","ts":"2025-12-04T16:33:42.156+05:30","source":{"id":"0","name":"eventBus"}}
{"__type":"$$EventMessageWorkflow","id":"41713f82-7726-4a41-a8d7-5b5502b168f1","ts":"2025-12-04T16:33:43.707+05:30","eventName":"n8n.workflow.started","message":"n8n.workflow.started","payload":{"executionId":"22","workflowId":"qL5ohUlHsodr2uFr","isManual":false,"workflowName":"Create_Folder"}}
{"__type":"$$EventMessageConfirm","confirm":"41713f82-7726-4a41-a8d7-5b5502b168f1","ts":"2025-12-04T16:33:43.707+05:30","source":{"id":"0","name":"eventBus"}}
{"__type":"$$EventMessageNode","id":"291fa429-635c-42e4-aeab-cf064961fa1f","ts":"2025-12-04T16:33:43.708+05:30","eventName":"n8n.node.started","message":"n8n.node.started","payload":{"workflowId":"qL5ohUlHsodr2uFr","workflowName":"Create_Folder","executionId":"22","nodeType":"n8n-nodes-base.manualTrigger","nodeName":"Manual Trigger","nodeId":"d1e15768-114d-44e6-8442-80687fd86315"}}
{"__type":"$$EventMessageConfirm","confirm":"291fa429-635c-42e4-aeab-cf064961fa1f","ts":"2025-12-04T16:33:43.708+05:30","source":{"id":"0","name":"eventBus"}}
{"__type":"$$EventMessageNode","id":"c4d37554-a4ba-44df-b44a-d754e2fc9789","ts":"2025-12-04T16:33:43.709+05:30","eventName":"n8n.node.finished","message":"n8n.node.finished","payload":{"workflowId":"qL5ohUlHsodr2uFr","workflowName":"Create_Folder","executionId":"22","nodeType":"n8n-nodes-base.manualTrigger","nodeName":"Manual Trigger","nodeId":"d1e15768-114d-44e6-8442-80687fd86315"}}
{"__type":"$$EventMessageConfirm","confirm":"c4d37554-a4ba-44df-b44a-d754e2fc9789","ts":"2025-12-04T16:33:43.709+05:30","source":{"id":"0","name":"eventBus"}}
{"__type":"$$EventMessageNode","id":"f87b9b79-01f5-4065-98b1-e9531d89abf3","ts":"2025-12-04T16:33:43.709+05:30","eventName":"n8n.node.started","message":"n8n.node.started","payload":{"workflowId":"qL5ohUlHsodr2uFr","workflowName":"Create_Folder","executionId":"22","nodeType":"n8n-nodes-base.executeCommand","nodeName":"Create Folder","nodeId":"1b707ac9-2b2c-4a2d-820b-92af24e82c19"}}
{"__type":"$$EventMessageConfirm","confirm":"f87b9b79-01f5-4065-98b1-e9531d89abf3","ts":"2025-12-04T16:33:43.709+05:30","source":{"id":"0","name":"eventBus"}}
{"__type":"$$EventMessageNode","id":"028b98b0-3ad4-4980-be6a-4f454d3f0d68","ts":"2025-12-04T16:33:43.713+05:30","eventName":"n8n.node.finished","message":"n8n.node.finished","payload":{"workflowId":"qL5ohUlHsodr2uFr","workflowName":"Create_Folder","executionId":"22","nodeType":"n8n-nodes-base.executeCommand","nodeName":"Create Folder","nodeId":"1b707ac9-2b2c-4a2d-820b-92af24e82c19"}}
{"__type":"$$EventMessageConfirm","confirm":"028b98b0-3ad4-4980-be6a-4f454d3f0d68","ts":"2025-12-04T16:33:43.714+05:30","source":{"id":"0","name":"eventBus"}}
{"__type":"$$EventMessageWorkflow","id":"312fe8b3-db23-4c64-a9fb-68ffae750a9c","ts":"2025-12-04T16:33:43.715+05:30","eventName":"n8n.workflow.success","message":"n8n.workflow.success","payload":{"userId":"4d5480ed-c9f8-4dfa-92b4-a58120146de3","executionId":"22","success":true,"isManual":true,"workflowId":"qL5ohUlHsodr2uFr","workflowName":"Create_Folder"}}
{"__type":"$$EventMessageConfirm","confirm":"312fe8b3-db23-4c64-a9fb-68ffae750a9c","ts":"2025-12-04T16:33:43.715+05:30","source":{"id":"0","name":"eventBus"}}
{"__type":"$$EventMessageWorkflow","id":"e6989167-ff79-4858-867f-36aae2af3521","ts":"2025-12-04T16:34:30.000+05:30","eventName":"n8n.workflow.started","message":"n8n.workflow.started","payload":{"executionId":"23","workflowId":"qL5ohUlHsodr2uFr","isManual":false,"workflowName":"Create_Folder"}}
{"__type":"$$EventMessageConfirm","confirm":"e6989167-ff79-4858-867f-36aae2af3521","ts":"2025-12-04T16:34:30.000+05:30","source":{"id":"0","name":"eventBus"}}
{"__type":"$$EventMessageNode","id":"238e2b2a-5cbf-4a09-b5f4-99a564762594","ts":"2025-12-04T16:34:30.001+05:30","eventName":"n8n.node.started","message":"n8n.node.started","payload":{"workflowId":"qL5ohUlHsodr2uFr","workflowName":"Create_Folder","executionId":"23","nodeType":"n8n-nodes-base.executeCommand","nodeName":"Create Folder","nodeId":"1b707ac9-2b2c-4a2d-820b-92af24e82c19"}}
{"__type":"$$EventMessageConfirm","confirm":"238e2b2a-5cbf-4a09-b5f4-99a564762594","ts":"2025-12-04T16:34:30.001+05:30","source":{"id":"0","name":"eventBus"}}
{"__type":"$$EventMessageNode","id":"e4b28456-85b3-465a-8484-54817753a4ba","ts":"2025-12-04T16:34:30.007+05:30","eventName":"n8n.node.finished","message":"n8n.node.finished","payload":{"workflowId":"qL5ohUlHsodr2uFr","workflowName":"Create_Folder","executionId":"23","nodeType":"n8n-nodes-base.executeCommand","nodeName":"Create Folder","nodeId":"1b707ac9-2b2c-4a2d-820b-92af24e82c19"}}
{"__type":"$$EventMessageConfirm","confirm":"e4b28456-85b3-465a-8484-54817753a4ba","ts":"2025-12-04T16:34:30.007+05:30","source":{"id":"0","name":"eventBus"}}
{"__type":"$$EventMessageWorkflow","id":"e4b6caa1-39fe-4259-ad8d-7a9aa8464ba4","ts":"2025-12-04T16:34:30.010+05:30","eventName":"n8n.workflow.success","message":"n8n.workflow.success","payload":{"userId":"4d5480ed-c9f8-4dfa-92b4-a58120146de3","executionId":"23","success":true,"isManual":true,"workflowId":"qL5ohUlHsodr2uFr","workflowName":"Create_Folder"}}
{"__type":"$$EventMessageConfirm","confirm":"e4b6caa1-39fe-4259-ad8d-7a9aa8464ba4","ts":"2025-12-04T16:34:30.010+05:30","source":{"id":"0","name":"eventBus"}}
{"__type":"$$EventMessageWorkflow","id":"85eb48c9-d4a4-497a-8a9e-92352c033e2f","ts":"2025-12-04T16:34:54.197+05:30","eventName":"n8n.workflow.started","message":"n8n.workflow.started","payload":{"executionId":"24","workflowId":"qL5ohUlHsodr2uFr","isManual":false,"workflowName":"Create_Folder"}}
{"__type":"$$EventMessageConfirm","confirm":"85eb48c9-d4a4-497a-8a9e-92352c033e2f","ts":"2025-12-04T16:34:54.197+05:30","source":{"id":"0","name":"eventBus"}}
{"__type":"$$EventMessageNode","id":"e341e909-d5a5-48b8-8cbe-30236c39a1fc","ts":"2025-12-04T16:34:54.198+05:30","eventName":"n8n.node.started","message":"n8n.node.started","payload":{"workflowId":"qL5ohUlHsodr2uFr","workflowName":"Create_Folder","executionId":"24","nodeType":"n8n-nodes-base.executeCommand","nodeName":"Create Folder","nodeId":"1b707ac9-2b2c-4a2d-820b-92af24e82c19"}}
{"__type":"$$EventMessageConfirm","confirm":"e341e909-d5a5-48b8-8cbe-30236c39a1fc","ts":"2025-12-04T16:34:54.198+05:30","source":{"id":"0","name":"eventBus"}}
{"__type":"$$EventMessageNode","id":"0233a06d-960c-492b-b5d2-491a7975399c","ts":"2025-12-04T16:34:54.203+05:30","eventName":"n8n.node.finished","message":"n8n.node.finished","payload":{"workflowId":"qL5ohUlHsodr2uFr","workflowName":"Create_Folder","executionId":"24","nodeType":"n8n-nodes-base.executeCommand","nodeName":"Create Folder","nodeId":"1b707ac9-2b2c-4a2d-820b-92af24e82c19"}}
{"__type":"$$EventMessageConfirm","confirm":"0233a06d-960c-492b-b5d2-491a7975399c","ts":"2025-12-04T16:34:54.203+05:30","source":{"id":"0","name":"eventBus"}}
{"__type":"$$EventMessageWorkflow","id":"33dd1e37-8750-4e75-8eb2-73c5fe25bea6","ts":"2025-12-04T16:34:54.205+05:30","eventName":"n8n.workflow.success","message":"n8n.workflow.success","payload":{"userId":"4d5480ed-c9f8-4dfa-92b4-a58120146de3","executionId":"24","success":true,"isManual":true,"workflowId":"qL5ohUlHsodr2uFr","workflowName":"Create_Folder"}}
{"__type":"$$EventMessageConfirm","confirm":"33dd1e37-8750-4e75-8eb2-73c5fe25bea6","ts":"2025-12-04T16:34:54.206+05:30","source":{"id":"0","name":"eventBus"}}
{"__type":"$$EventMessageAudit","id":"3380555f-3d78-49b4-bbbf-18c499b21434","ts":"2025-12-04T16:34:56.919+05:30","eventName":"n8n.audit.workflow.updated","message":"n8n.audit.workflow.updated","payload":{"userId":"4d5480ed-c9f8-4dfa-92b4-a58120146de3","_email":"bhoopesh123@gmail.com","_firstName":"Bhoopesh","_lastName":"Sharma","globalRole":"global:owner","workflowId":"qL5ohUlHsodr2uFr","workflowName":"Create_Folder"}}
{"__type":"$$EventMessageConfirm","confirm":"3380555f-3d78-49b4-bbbf-18c499b21434","ts":"2025-12-04T16:34:56.919+05:30","source":{"id":"0","name":"eventBus"}}
